auto-click/build/intermediates/manifest_merge_blame_file/debug/manifest-merger-blame-debug-report.txt
1<?xml version="1.0" encoding="utf-8"?>
2<manifest xmlns:android="http://schemas.android.com/apk/res/android"
3    package="com.phicomm.hu"
4    android:versionCode="1"
5    android:versionName="1.0" >
6
7    <uses-sdk
8        android:minSdkVersion="17"
8-->src\main\AndroidManifest.xml
9        android:targetSdkVersion="30" />
9-->src\main\AndroidManifest.xml
10
11    <uses-permission android:name="android.permission.WRITE_EXTERNAL_STORAGE" />
11-->src\main\AndroidManifest.xml:7:5-80
11-->src\main\AndroidManifest.xml:7:22-78
12    <uses-permission android:name="android.permission.SYSTEM_ALERT_WINDOW" />
12-->src\main\AndroidManifest.xml:25:1-74
12-->src\main\AndroidManifest.xml:25:18-71
13
14    <application
14-->src\main\AndroidManifest.xml:10:5-24:19
15        android:debuggable="true"
16        android:icon="@drawable/ic_launcher"
16-->src\main\AndroidManifest.xml:11:9-45
17        android:label="@string/app_name"
17-->src\main\AndroidManifest.xml:12:9-41
18        android:testOnly="true" >
19        <activity
19-->src\main\AndroidManifest.xml:13:9-21:20
20            android:name="com.phicomm.hu.MainActivity"
20-->src\main\AndroidManifest.xml:14:13-41
21            android:label="@string/app_name" >
21-->src\main\AndroidManifest.xml:15:13-45
22            <intent-filter>
22-->src\main\AndroidManifest.xml:16:13-20:29
23                <action android:name="android.intent.action.MAIN" />
23-->src\main\AndroidManifest.xml:17:17-69
23-->src\main\AndroidManifest.xml:17:25-66
24
25                <category android:name="android.intent.category.LAUNCHER" />
25-->src\main\AndroidManifest.xml:19:17-77
25-->src\main\AndroidManifest.xml:19:27-74
26            </intent-filter>
27        </activity>
28
29        <service android:name="com.phicomm.hu.FxService" />
29-->src\main\AndroidManifest.xml:22:9-54
29-->src\main\AndroidManifest.xml:22:18-43
30
31        <activity android:name="com.phicomm.hu.ResultActivity" />
31-->src\main\AndroidManifest.xml:23:9-61
31-->src\main\AndroidManifest.xml:23:19-49
32    </application>
33
34</manifest>